<?xml version="1.0" encoding="UTF-8" ?>
<testsuite errors="0" failures="0" hostname="Richard-PC" name="com.egsgroup.leavemanager.model.UserIntegrationTests" tests="4" time="0.312" timestamp="2009-11-29T01:53:58">
  <properties />
  <testcase classname="com.egsgroup.leavemanager.model.UserIntegrationTests" name="testSaveUser" time="0.059" />
  <testcase classname="com.egsgroup.leavemanager.model.UserIntegrationTests" name="testSaveAndDelete" time="0.075" />
  <testcase classname="com.egsgroup.leavemanager.model.UserIntegrationTests" name="testAddManaging" time="0.063" />
  <testcase classname="com.egsgroup.leavemanager.model.UserIntegrationTests" name="testValidateBeforeSave" time="0.066" />
  <system-out><![CDATA[--Output from testSaveUser--
--Output from testSaveAndDelete--
--Output from testAddManaging--
--Output from testValidateBeforeSave--
]]></system-out>
  <system-err><![CDATA[--Output from testSaveUser--
--Output from testSaveAndDelete--
--Output from testAddManaging--
--Output from testValidateBeforeSave--
]]></system-err>
</testsuite>
