<?xml version="1.0" encoding="UTF-8" ?>
<testsuite errors="0" failures="0" hostname="Richard-PC" name="com.egsgroup.leavemanager.model.MyLeaveIntegrationTests" tests="1" time="1.595" timestamp="2009-11-29T01:53:57">
  <properties />
  <testcase classname="com.egsgroup.leavemanager.model.MyLeaveIntegrationTests" name="testAddUserAndLeave" time="1.519" />
  <system-out><![CDATA[--Output from testAddUserAndLeave--
]]></system-out>
  <system-err><![CDATA[--Output from testAddUserAndLeave--
]]></system-err>
</testsuite>
